execve("./hello", ["./hello"], 0xffffc21f73d8 /* 29 vars */) = 0 <0.001446>
sched_getaffinity(0, 8192, [0, 1, 2, 3, 4, 5, 6, 7]) = 8 <0.000096>
openat(AT_FDCWD, "/sys/kernel/mm/transparent_hugepage/hpage_pmd_size", O_RDONLY) = 3 <0.000154>
read(3, "2097152\n", 20)                = 8 <0.000111>
close(3)                                = 0 <0.000112>
mmap(NULL, 262144, PROT_READ|PROT_WRITE, MAP_PRIVATE|MAP_ANONYMOUS, -1, 0) = 0xffff85caf000 <0.000076>
mmap(NULL, 131072, PROT_NONE, MAP_PRIVATE|MAP_ANONYMOUS, -1, 0) = 0xffff85c8f000 <0.000105>
mmap(NULL, 1048576, PROT_NONE, MAP_PRIVATE|MAP_ANONYMOUS, -1, 0) = 0xffff85b8f000 <0.000199>
mmap(NULL, 8388608, PROT_NONE, MAP_PRIVATE|MAP_ANONYMOUS, -1, 0) = 0xffff8538f000 <0.000093>
mmap(NULL, 67108864, PROT_NONE, MAP_PRIVATE|MAP_ANONYMOUS, -1, 0) = 0xffff8138f000 <0.000079>
mmap(NULL, 536870912, PROT_NONE, MAP_PRIVATE|MAP_ANONYMOUS, -1, 0) = 0xffff6138f000 <0.000083>
mmap(0x4000000000, 67108864, PROT_NONE, MAP_PRIVATE|MAP_ANONYMOUS, -1, 0) = 0x4000000000 <0.000124>
mmap(NULL, 33554432, PROT_READ|PROT_WRITE, MAP_PRIVATE|MAP_ANONYMOUS, -1, 0) = 0xffff5f38f000 <0.000090>
mmap(NULL, 2165776, PROT_READ|PROT_WRITE, MAP_PRIVATE|MAP_ANONYMOUS, -1, 0) = 0xffff5f17e000 <0.000071>
mmap(0x4000000000, 4194304, PROT_READ|PROT_WRITE, MAP_PRIVATE|MAP_FIXED|MAP_ANONYMOUS, -1, 0) = 0x4000000000 <0.000102>
mmap(0xffff85c8f000, 131072, PROT_READ|PROT_WRITE, MAP_PRIVATE|MAP_FIXED|MAP_ANONYMOUS, -1, 0) = 0xffff85c8f000 <0.000140>
mmap(0xffff85b8f000, 4096, PROT_READ|PROT_WRITE, MAP_PRIVATE|MAP_FIXED|MAP_ANONYMOUS, -1, 0) = 0xffff85b8f000 <0.000078>
mmap(0xffff85391000, 4096, PROT_READ|PROT_WRITE, MAP_PRIVATE|MAP_FIXED|MAP_ANONYMOUS, -1, 0) = 0xffff85391000 <0.000101>
mmap(0xffff8139f000, 4096, PROT_READ|PROT_WRITE, MAP_PRIVATE|MAP_FIXED|MAP_ANONYMOUS, -1, 0) = 0xffff8139f000 <0.000090>
mmap(0xffff6140f000, 4096, PROT_READ|PROT_WRITE, MAP_PRIVATE|MAP_FIXED|MAP_ANONYMOUS, -1, 0) = 0xffff6140f000 <0.000086>
mmap(NULL, 1048576, PROT_READ|PROT_WRITE, MAP_PRIVATE|MAP_ANONYMOUS, -1, 0) = 0xffff5f07e000 <0.000088>
mmap(NULL, 65536, PROT_READ|PROT_WRITE, MAP_PRIVATE|MAP_ANONYMOUS, -1, 0) = 0xffff5f06e000 <0.000080>
mmap(NULL, 65536, PROT_READ|PROT_WRITE, MAP_PRIVATE|MAP_ANONYMOUS, -1, 0) = 0xffff5f05e000 <0.000068>
rt_sigprocmask(SIG_SETMASK, NULL, [], 8) = 0 <0.000065>
sigaltstack(NULL, {ss_sp=NULL, ss_flags=SS_DISABLE, ss_size=0}) = 0 <0.000069>
sigaltstack({ss_sp=0x4000004000, ss_flags=0, ss_size=32768}, NULL) = 0 <0.000071>
rt_sigprocmask(SIG_SETMASK, [], NULL, 8) = 0 <0.000052>
gettid()                                = 10038 <0.000063>
rt_sigaction(SIGHUP, NULL, {sa_handler=SIG_DFL, sa_mask=[], sa_flags=0}, 8) = 0 <0.000079>
rt_sigaction(SIGHUP, {sa_handler=0x6abb0, sa_mask=~[], sa_flags=SA_ONSTACK|SA_RESTART|SA_SIGINFO}, NULL, 8) = 0 <0.000052>
rt_sigaction(SIGINT, NULL, {sa_handler=SIG_DFL, sa_mask=[], sa_flags=0}, 8) = 0 <0.000050>
rt_sigaction(SIGINT, {sa_handler=0x6abb0, sa_mask=~[], sa_flags=SA_ONSTACK|SA_RESTART|SA_SIGINFO}, NULL, 8) = 0 <0.000047>
rt_sigaction(SIGQUIT, NULL, {sa_handler=SIG_DFL, sa_mask=[], sa_flags=0}, 8) = 0 <0.000054>
rt_sigaction(SIGQUIT, {sa_handler=0x6abb0, sa_mask=~[], sa_flags=SA_ONSTACK|SA_RESTART|SA_SIGINFO}, NULL, 8) = 0 <0.000062>
rt_sigaction(SIGILL, NULL, {sa_handler=SIG_DFL, sa_mask=[], sa_flags=0}, 8) = 0 <0.000047>
rt_sigaction(SIGILL, {sa_handler=0x6abb0, sa_mask=~[], sa_flags=SA_ONSTACK|SA_RESTART|SA_SIGINFO}, NULL, 8) = 0 <0.000062>
rt_sigaction(SIGTRAP, NULL, {sa_handler=SIG_DFL, sa_mask=[], sa_flags=0}, 8) = 0 <0.000054>
rt_sigaction(SIGTRAP, {sa_handler=0x6abb0, sa_mask=~[], sa_flags=SA_ONSTACK|SA_RESTART|SA_SIGINFO}, NULL, 8) = 0 <0.000050>
rt_sigaction(SIGABRT, NULL, {sa_handler=SIG_DFL, sa_mask=[], sa_flags=0}, 8) = 0 <0.000043>
rt_sigaction(SIGABRT, {sa_handler=0x6abb0, sa_mask=~[], sa_flags=SA_ONSTACK|SA_RESTART|SA_SIGINFO}, NULL, 8) = 0 <0.000052>
rt_sigaction(SIGBUS, NULL, {sa_handler=SIG_DFL, sa_mask=[], sa_flags=0}, 8) = 0 <0.000049>
rt_sigaction(SIGBUS, {sa_handler=0x6abb0, sa_mask=~[], sa_flags=SA_ONSTACK|SA_RESTART|SA_SIGINFO}, NULL, 8) = 0 <0.000037>
rt_sigaction(SIGFPE, NULL, {sa_handler=SIG_DFL, sa_mask=[], sa_flags=0}, 8) = 0 <0.000029>
rt_sigaction(SIGFPE, {sa_handler=0x6abb0, sa_mask=~[], sa_flags=SA_ONSTACK|SA_RESTART|SA_SIGINFO}, NULL, 8) = 0 <0.000037>
rt_sigaction(SIGUSR1, NULL, {sa_handler=SIG_DFL, sa_mask=[], sa_flags=0}, 8) = 0 <0.000054>
rt_sigaction(SIGUSR1, {sa_handler=0x6abb0, sa_mask=~[], sa_flags=SA_ONSTACK|SA_RESTART|SA_SIGINFO}, NULL, 8) = 0 <0.000038>
rt_sigaction(SIGSEGV, NULL, {sa_handler=SIG_DFL, sa_mask=[], sa_flags=0}, 8) = 0 <0.000064>
rt_sigaction(SIGSEGV, {sa_handler=0x6abb0, sa_mask=~[], sa_flags=SA_ONSTACK|SA_RESTART|SA_SIGINFO}, NULL, 8) = 0 <0.000037>
rt_sigaction(SIGUSR2, NULL, {sa_handler=SIG_DFL, sa_mask=[], sa_flags=0}, 8) = 0 <0.000053>
rt_sigaction(SIGUSR2, {sa_handler=0x6abb0, sa_mask=~[], sa_flags=SA_ONSTACK|SA_RESTART|SA_SIGINFO}, NULL, 8) = 0 <0.000037>
rt_sigaction(SIGPIPE, NULL, {sa_handler=SIG_DFL, sa_mask=[], sa_flags=0}, 8) = 0 <0.000039>
rt_sigaction(SIGPIPE, {sa_handler=0x6abb0, sa_mask=~[], sa_flags=SA_ONSTACK|SA_RESTART|SA_SIGINFO}, NULL, 8) = 0 <0.000052>
rt_sigaction(SIGALRM, NULL, {sa_handler=SIG_DFL, sa_mask=[], sa_flags=0}, 8) = 0 <0.000037>
rt_sigaction(SIGALRM, {sa_handler=0x6abb0, sa_mask=~[], sa_flags=SA_ONSTACK|SA_RESTART|SA_SIGINFO}, NULL, 8) = 0 <0.000035>
rt_sigaction(SIGTERM, NULL, {sa_handler=SIG_DFL, sa_mask=[], sa_flags=0}, 8) = 0 <0.000045>
rt_sigaction(SIGTERM, {sa_handler=0x6abb0, sa_mask=~[], sa_flags=SA_ONSTACK|SA_RESTART|SA_SIGINFO}, NULL, 8) = 0 <0.000035>
rt_sigaction(SIGSTKFLT, NULL, {sa_handler=SIG_DFL, sa_mask=[], sa_flags=0}, 8) = 0 <0.000033>
rt_sigaction(SIGSTKFLT, {sa_handler=0x6abb0, sa_mask=~[], sa_flags=SA_ONSTACK|SA_RESTART|SA_SIGINFO}, NULL, 8) = 0 <0.000034>
rt_sigaction(SIGCHLD, NULL, {sa_handler=SIG_DFL, sa_mask=[], sa_flags=0}, 8) = 0 <0.000039>
rt_sigaction(SIGCHLD, {sa_handler=0x6abb0, sa_mask=~[], sa_flags=SA_ONSTACK|SA_RESTART|SA_SIGINFO}, NULL, 8) = 0 <0.000045>
rt_sigaction(SIGURG, NULL, {sa_handler=SIG_DFL, sa_mask=[], sa_flags=0}, 8) = 0 <0.000035>
rt_sigaction(SIGURG, {sa_handler=0x6abb0, sa_mask=~[], sa_flags=SA_ONSTACK|SA_RESTART|SA_SIGINFO}, NULL, 8) = 0 <0.000047>
rt_sigaction(SIGXCPU, NULL, {sa_handler=SIG_DFL, sa_mask=[], sa_flags=0}, 8) = 0 <0.000044>
rt_sigaction(SIGXCPU, {sa_handler=0x6abb0, sa_mask=~[], sa_flags=SA_ONSTACK|SA_RESTART|SA_SIGINFO}, NULL, 8) = 0 <0.000035>
rt_sigaction(SIGXFSZ, NULL, {sa_handler=SIG_DFL, sa_mask=[], sa_flags=0}, 8) = 0 <0.000045>
rt_sigaction(SIGXFSZ, {sa_handler=0x6abb0, sa_mask=~[], sa_flags=SA_ONSTACK|SA_RESTART|SA_SIGINFO}, NULL, 8) = 0 <0.000062>
rt_sigaction(SIGVTALRM, NULL, {sa_handler=SIG_DFL, sa_mask=[], sa_flags=0}, 8) = 0 <0.000038>
rt_sigaction(SIGVTALRM, {sa_handler=0x6abb0, sa_mask=~[], sa_flags=SA_ONSTACK|SA_RESTART|SA_SIGINFO}, NULL, 8) = 0 <0.000025>
rt_sigaction(SIGPROF, NULL, {sa_handler=SIG_DFL, sa_mask=[], sa_flags=0}, 8) = 0 <0.000035>
rt_sigaction(SIGPROF, {sa_handler=0x6abb0, sa_mask=~[], sa_flags=SA_ONSTACK|SA_RESTART|SA_SIGINFO}, NULL, 8) = 0 <0.000036>
rt_sigaction(SIGWINCH, NULL, {sa_handler=SIG_DFL, sa_mask=[], sa_flags=0}, 8) = 0 <0.000032>
rt_sigaction(SIGWINCH, {sa_handler=0x6abb0, sa_mask=~[], sa_flags=SA_ONSTACK|SA_RESTART|SA_SIGINFO}, NULL, 8) = 0 <0.000032>
rt_sigaction(SIGIO, NULL, {sa_handler=SIG_DFL, sa_mask=[], sa_flags=0}, 8) = 0 <0.000034>
rt_sigaction(SIGIO, {sa_handler=0x6abb0, sa_mask=~[], sa_flags=SA_ONSTACK|SA_RESTART|SA_SIGINFO}, NULL, 8) = 0 <0.000061>
rt_sigaction(SIGPWR, NULL, {sa_handler=SIG_DFL, sa_mask=[], sa_flags=0}, 8) = 0 <0.000050>
rt_sigaction(SIGPWR, {sa_handler=0x6abb0, sa_mask=~[], sa_flags=SA_ONSTACK|SA_RESTART|SA_SIGINFO}, NULL, 8) = 0 <0.000065>
rt_sigaction(SIGSYS, NULL, {sa_handler=SIG_DFL, sa_mask=[], sa_flags=0}, 8) = 0 <0.000061>
rt_sigaction(SIGSYS, {sa_handler=0x6abb0, sa_mask=~[], sa_flags=SA_ONSTACK|SA_RESTART|SA_SIGINFO}, NULL, 8) = 0 <0.000052>
rt_sigaction(SIGRTMIN, NULL, {sa_handler=SIG_DFL, sa_mask=[], sa_flags=0}, 8) = 0 <0.000035>
rt_sigaction(SIGRT_1, NULL, {sa_handler=SIG_DFL, sa_mask=[], sa_flags=0}, 8) = 0 <0.000037>
rt_sigaction(SIGRT_1, {sa_handler=0x6abb0, sa_mask=~[], sa_flags=SA_ONSTACK|SA_RESTART|SA_SIGINFO}, NULL, 8) = 0 <0.000041>
rt_sigaction(SIGRT_2, NULL, {sa_handler=SIG_DFL, sa_mask=[], sa_flags=0}, 8) = 0 <0.000036>
rt_sigaction(SIGRT_3, NULL, {sa_handler=SIG_DFL, sa_mask=[], sa_flags=0}, 8) = 0 <0.000053>
rt_sigaction(SIGRT_3, {sa_handler=0x6abb0, sa_mask=~[], sa_flags=SA_ONSTACK|SA_RESTART|SA_SIGINFO}, NULL, 8) = 0 <0.000054>
rt_sigaction(SIGRT_4, NULL, {sa_handler=SIG_DFL, sa_mask=[], sa_flags=0}, 8) = 0 <0.000042>
rt_sigaction(SIGRT_4, {sa_handler=0x6abb0, sa_mask=~[], sa_flags=SA_ONSTACK|SA_RESTART|SA_SIGINFO}, NULL, 8) = 0 <0.000040>
rt_sigaction(SIGRT_5, NULL, {sa_handler=SIG_DFL, sa_mask=[], sa_flags=0}, 8) = 0 <0.000065>
rt_sigaction(SIGRT_5, {sa_handler=0x6abb0, sa_mask=~[], sa_flags=SA_ONSTACK|SA_RESTART|SA_SIGINFO}, NULL, 8) = 0 <0.000042>
rt_sigaction(SIGRT_6, NULL, {sa_handler=SIG_DFL, sa_mask=[], sa_flags=0}, 8) = 0 <0.000058>
rt_sigaction(SIGRT_6, {sa_handler=0x6abb0, sa_mask=~[], sa_flags=SA_ONSTACK|SA_RESTART|SA_SIGINFO}, NULL, 8) = 0 <0.000033>
rt_sigaction(SIGRT_7, NULL, {sa_handler=SIG_DFL, sa_mask=[], sa_flags=0}, 8) = 0 <0.000037>
rt_sigaction(SIGRT_7, {sa_handler=0x6abb0, sa_mask=~[], sa_flags=SA_ONSTACK|SA_RESTART|SA_SIGINFO}, NULL, 8) = 0 <0.000049>
rt_sigaction(SIGRT_8, NULL, {sa_handler=SIG_DFL, sa_mask=[], sa_flags=0}, 8) = 0 <0.000039>
rt_sigaction(SIGRT_8, {sa_handler=0x6abb0, sa_mask=~[], sa_flags=SA_ONSTACK|SA_RESTART|SA_SIGINFO}, NULL, 8) = 0 <0.000055>
rt_sigaction(SIGRT_9, NULL, {sa_handler=SIG_DFL, sa_mask=[], sa_flags=0}, 8) = 0 <0.000052>
rt_sigaction(SIGRT_9, {sa_handler=0x6abb0, sa_mask=~[], sa_flags=SA_ONSTACK|SA_RESTART|SA_SIGINFO}, NULL, 8) = 0 <0.000055>
rt_sigaction(SIGRT_10, NULL, {sa_handler=SIG_DFL, sa_mask=[], sa_flags=0}, 8) = 0 <0.000083>
rt_sigaction(SIGRT_10, {sa_handler=0x6abb0, sa_mask=~[], sa_flags=SA_ONSTACK|SA_RESTART|SA_SIGINFO}, NULL, 8) = 0 <0.000051>
rt_sigaction(SIGRT_11, NULL, {sa_handler=SIG_DFL, sa_mask=[], sa_flags=0}, 8) = 0 <0.000059>
rt_sigaction(SIGRT_11, {sa_handler=0x6abb0, sa_mask=~[], sa_flags=SA_ONSTACK|SA_RESTART|SA_SIGINFO}, NULL, 8) = 0 <0.000049>
rt_sigaction(SIGRT_12, NULL, {sa_handler=SIG_DFL, sa_mask=[], sa_flags=0}, 8) = 0 <0.000056>
rt_sigaction(SIGRT_12, {sa_handler=0x6abb0, sa_mask=~[], sa_flags=SA_ONSTACK|SA_RESTART|SA_SIGINFO}, NULL, 8) = 0 <0.000045>
rt_sigaction(SIGRT_13, NULL, {sa_handler=SIG_DFL, sa_mask=[], sa_flags=0}, 8) = 0 <0.000041>
rt_sigaction(SIGRT_13, {sa_handler=0x6abb0, sa_mask=~[], sa_flags=SA_ONSTACK|SA_RESTART|SA_SIGINFO}, NULL, 8) = 0 <0.000062>
rt_sigaction(SIGRT_14, NULL, {sa_handler=SIG_DFL, sa_mask=[], sa_flags=0}, 8) = 0 <0.000045>
rt_sigaction(SIGRT_14, {sa_handler=0x6abb0, sa_mask=~[], sa_flags=SA_ONSTACK|SA_RESTART|SA_SIGINFO}, NULL, 8) = 0 <0.000036>
rt_sigaction(SIGRT_15, NULL, {sa_handler=SIG_DFL, sa_mask=[], sa_flags=0}, 8) = 0 <0.000035>
rt_sigaction(SIGRT_15, {sa_handler=0x6abb0, sa_mask=~[], sa_flags=SA_ONSTACK|SA_RESTART|SA_SIGINFO}, NULL, 8) = 0 <0.000043>
rt_sigaction(SIGRT_16, NULL, {sa_handler=SIG_DFL, sa_mask=[], sa_flags=0}, 8) = 0 <0.000090>
rt_sigaction(SIGRT_16, {sa_handler=0x6abb0, sa_mask=~[], sa_flags=SA_ONSTACK|SA_RESTART|SA_SIGINFO}, NULL, 8) = 0 <0.000034>
rt_sigaction(SIGRT_17, NULL, {sa_handler=SIG_DFL, sa_mask=[], sa_flags=0}, 8) = 0 <0.000035>
rt_sigaction(SIGRT_17, {sa_handler=0x6abb0, sa_mask=~[], sa_flags=SA_ONSTACK|SA_RESTART|SA_SIGINFO}, NULL, 8) = 0 <0.000039>
rt_sigaction(SIGRT_18, NULL, {sa_handler=SIG_DFL, sa_mask=[], sa_flags=0}, 8) = 0 <0.000038>
rt_sigaction(SIGRT_18, {sa_handler=0x6abb0, sa_mask=~[], sa_flags=SA_ONSTACK|SA_RESTART|SA_SIGINFO}, NULL, 8) = 0 <0.000036>
rt_sigaction(SIGRT_19, NULL, {sa_handler=SIG_DFL, sa_mask=[], sa_flags=0}, 8) = 0 <0.000037>
rt_sigaction(SIGRT_19, {sa_handler=0x6abb0, sa_mask=~[], sa_flags=SA_ONSTACK|SA_RESTART|SA_SIGINFO}, NULL, 8) = 0 <0.000042>
rt_sigaction(SIGRT_20, NULL, {sa_handler=SIG_DFL, sa_mask=[], sa_flags=0}, 8) = 0 <0.000032>
rt_sigaction(SIGRT_20, {sa_handler=0x6abb0, sa_mask=~[], sa_flags=SA_ONSTACK|SA_RESTART|SA_SIGINFO}, NULL, 8) = 0 <0.000049>
rt_sigaction(SIGRT_21, NULL, {sa_handler=SIG_DFL, sa_mask=[], sa_flags=0}, 8) = 0 <0.000036>
rt_sigaction(SIGRT_21, {sa_handler=0x6abb0, sa_mask=~[], sa_flags=SA_ONSTACK|SA_RESTART|SA_SIGINFO}, NULL, 8) = 0 <0.000051>
rt_sigaction(SIGRT_22, NULL, {sa_handler=SIG_DFL, sa_mask=[], sa_flags=0}, 8) = 0 <0.000062>
rt_sigaction(SIGRT_22, {sa_handler=0x6abb0, sa_mask=~[], sa_flags=SA_ONSTACK|SA_RESTART|SA_SIGINFO}, NULL, 8) = 0 <0.000049>
rt_sigaction(SIGRT_23, NULL, {sa_handler=SIG_DFL, sa_mask=[], sa_flags=0}, 8) = 0 <0.000040>
rt_sigaction(SIGRT_23, {sa_handler=0x6abb0, sa_mask=~[], sa_flags=SA_ONSTACK|SA_RESTART|SA_SIGINFO}, NULL, 8) = 0 <0.000044>
rt_sigaction(SIGRT_24, NULL, {sa_handler=SIG_DFL, sa_mask=[], sa_flags=0}, 8) = 0 <0.000051>
rt_sigaction(SIGRT_24, {sa_handler=0x6abb0, sa_mask=~[], sa_flags=SA_ONSTACK|SA_RESTART|SA_SIGINFO}, NULL, 8) = 0 <0.000057>
rt_sigaction(SIGRT_25, NULL, {sa_handler=SIG_DFL, sa_mask=[], sa_flags=0}, 8) = 0 <0.000054>
rt_sigaction(SIGRT_25, {sa_handler=0x6abb0, sa_mask=~[], sa_flags=SA_ONSTACK|SA_RESTART|SA_SIGINFO}, NULL, 8) = 0 <0.000036>
rt_sigaction(SIGRT_26, NULL, {sa_handler=SIG_DFL, sa_mask=[], sa_flags=0}, 8) = 0 <0.000056>
rt_sigaction(SIGRT_26, {sa_handler=0x6abb0, sa_mask=~[], sa_flags=SA_ONSTACK|SA_RESTART|SA_SIGINFO}, NULL, 8) = 0 <0.000039>
rt_sigaction(SIGRT_27, NULL, {sa_handler=SIG_DFL, sa_mask=[], sa_flags=0}, 8) = 0 <0.000041>
rt_sigaction(SIGRT_27, {sa_handler=0x6abb0, sa_mask=~[], sa_flags=SA_ONSTACK|SA_RESTART|SA_SIGINFO}, NULL, 8) = 0 <0.000038>
rt_sigaction(SIGRT_28, NULL, {sa_handler=SIG_DFL, sa_mask=[], sa_flags=0}, 8) = 0 <0.000036>
rt_sigaction(SIGRT_28, {sa_handler=0x6abb0, sa_mask=~[], sa_flags=SA_ONSTACK|SA_RESTART|SA_SIGINFO}, NULL, 8) = 0 <0.000037>
rt_sigaction(SIGRT_29, NULL, {sa_handler=SIG_DFL, sa_mask=[], sa_flags=0}, 8) = 0 <0.000035>
rt_sigaction(SIGRT_29, {sa_handler=0x6abb0, sa_mask=~[], sa_flags=SA_ONSTACK|SA_RESTART|SA_SIGINFO}, NULL, 8) = 0 <0.000034>
rt_sigaction(SIGRT_30, NULL, {sa_handler=SIG_DFL, sa_mask=[], sa_flags=0}, 8) = 0 <0.000035>
rt_sigaction(SIGRT_30, {sa_handler=0x6abb0, sa_mask=~[], sa_flags=SA_ONSTACK|SA_RESTART|SA_SIGINFO}, NULL, 8) = 0 <0.000032>
rt_sigaction(SIGRT_31, NULL, {sa_handler=SIG_DFL, sa_mask=[], sa_flags=0}, 8) = 0 <0.000037>
rt_sigaction(SIGRT_31, {sa_handler=0x6abb0, sa_mask=~[], sa_flags=SA_ONSTACK|SA_RESTART|SA_SIGINFO}, NULL, 8) = 0 <0.000051>
rt_sigaction(SIGRT_32, NULL, {sa_handler=SIG_DFL, sa_mask=[], sa_flags=0}, 8) = 0 <0.000053>
rt_sigaction(SIGRT_32, {sa_handler=0x6abb0, sa_mask=~[], sa_flags=SA_ONSTACK|SA_RESTART|SA_SIGINFO}, NULL, 8) = 0 <0.000050>
rt_sigprocmask(SIG_SETMASK, ~[], [], 8) = 0 <0.000031>
clone(child_stack=0x4000060000, flags=CLONE_VM|CLONE_FS|CLONE_FILES|CLONE_SIGHAND|CLONE_THREAD|CLONE_SYSVSEM) = 10039 <0.000093>
rt_sigprocmask(SIG_SETMASK, [], NULL, 8) = 0 <0.000040>
--- SIGURG {si_signo=SIGURG, si_code=SI_TKILL, si_pid=10038, si_uid=0} ---
rt_sigreturn({mask=[]})                 = 0 <0.000039>
--- SIGURG {si_signo=SIGURG, si_code=SI_TKILL, si_pid=10038, si_uid=0} ---
rt_sigreturn({mask=[]})                 = 0 <0.000037>
--- SIGURG {si_signo=SIGURG, si_code=SI_TKILL, si_pid=10038, si_uid=0} ---
rt_sigreturn({mask=[]})                 = 0 <0.000046>
--- SIGURG {si_signo=SIGURG, si_code=SI_TKILL, si_pid=10038, si_uid=0} ---
rt_sigreturn({mask=[]})                 = 0 <0.000035>
--- SIGURG {si_signo=SIGURG, si_code=SI_TKILL, si_pid=10038, si_uid=0} ---
rt_sigreturn({mask=[]})                 = 0 <0.000036>
--- SIGURG {si_signo=SIGURG, si_code=SI_TKILL, si_pid=10038, si_uid=0} ---
rt_sigreturn({mask=[]})                 = 0 <0.000034>
rt_sigprocmask(SIG_SETMASK, ~[], [], 8) = 0 <0.000043>
clone(child_stack=0x4000062000, flags=CLONE_VM|CLONE_FS|CLONE_FILES|CLONE_SIGHAND|CLONE_THREAD|CLONE_SYSVSEM) = 10040 <0.000071>
rt_sigprocmask(SIG_SETMASK, [], NULL, 8) = 0 <0.000038>
futex(0x4000050548, FUTEX_WAKE_PRIVATE, 1) = 1 <0.000041>
futex(0x4000050548, FUTEX_WAKE_PRIVATE, 1) = 1 <0.000059>
futex(0x4000080148, FUTEX_WAKE_PRIVATE, 1) = 1 <0.000074>
fcntl(0, F_GETFL)                       = 0x2 (flags O_RDWR) <0.000038>
futex(0x4000050548, FUTEX_WAKE_PRIVATE, 1) = 1 <0.000048>
mmap(NULL, 262144, PROT_READ|PROT_WRITE, MAP_PRIVATE|MAP_ANONYMOUS, -1, 0) = 0xffff5efde000 <0.000042>
fcntl(1, F_GETFL)                       = 0x2 (flags O_RDWR) <0.000042>
fcntl(2, F_GETFL)                       = 0x2 (flags O_RDWR) <0.000059>
write(1, "Hello, world!\n", 14)         = 14 <0.000055>
exit_group(0)                           = ?
+++ exited with 0 +++
